{"level":"info","message":"Connecting to MongoDB client..."}
{"level":"info","message":"Seed Data"}
{"level":"info","message":"Server start listening port: 3001"}
{"level":"error","message":"Error occurred while connecting to mongodb: MongoNetworkError: failed to connect to server [localhost:27017] on first connect [Error: connect ECONNREFUSED 127.0.0.1:27017\n    at TCPConnectWrap.afterConnect [as oncomplete] (net.js:1159:16) {\n  name: 'MongoNetworkError'\n}]"}
{"level":"info","message":"Connecting to MongoDB client..."}
{"level":"info","message":"Seed Data"}
{"level":"info","message":"Server start listening port: 3001"}
{"level":"info","message":"MongoDB client has been successfully created"}
{"level":"info","message":"Seed Data"}
{"level":"info","message":"Seed Users Done"}
{"level":"info","message":"Connecting to MongoDB client..."}
{"level":"info","message":"Seed Data"}
{"level":"info","message":"Server start listening port: 3001"}
{"level":"info","message":"MongoDB client has been successfully created"}
{"level":"info","message":"Connecting to MongoDB client..."}
{"level":"info","message":"Seed Data"}
{"level":"info","message":"Server start listening port: 3001"}
{"level":"info","message":"MongoDB client has been successfully created"}
{"level":"info","message":"Connecting to MongoDB client..."}
{"level":"info","message":"Seed Data"}
{"level":"info","message":"Server start listening port: 3001"}
{"level":"info","message":"MongoDB client has been successfully created"}
